running egg_info
creating ../build/arduinobot_py_example/arduinobot_py_example.egg-info
writing ../build/arduinobot_py_example/arduinobot_py_example.egg-info/PKG-INFO
writing dependency_links to ../build/arduinobot_py_example/arduinobot_py_example.egg-info/dependency_links.txt
writing entry points to ../build/arduinobot_py_example/arduinobot_py_example.egg-info/entry_points.txt
writing requirements to ../build/arduinobot_py_example/arduinobot_py_example.egg-info/requires.txt
writing top-level names to ../build/arduinobot_py_example/arduinobot_py_example.egg-info/top_level.txt
writing manifest file '../build/arduinobot_py_example/arduinobot_py_example.egg-info/SOURCES.txt'
reading manifest file '../build/arduinobot_py_example/arduinobot_py_example.egg-info/SOURCES.txt'
writing manifest file '../build/arduinobot_py_example/arduinobot_py_example.egg-info/SOURCES.txt'
running build
running build_py
creating /home/theo/arduinobot_ws/src/build/arduinobot_py_example/build
creating /home/theo/arduinobot_ws/src/build/arduinobot_py_example/build/lib
creating /home/theo/arduinobot_ws/src/build/arduinobot_py_example/build/lib/arduinobot_py_example
copying arduinobot_py_example/__init__.py -> /home/theo/arduinobot_ws/src/build/arduinobot_py_example/build/lib/arduinobot_py_example
running install
/usr/lib/python3/dist-packages/setuptools/command/install.py:34: SetuptoolsDeprecationWarning: setup.py install is deprecated. Use build and pip and other standards-based tools.
  warnings.warn(
running install_lib
creating /home/theo/arduinobot_ws/src/install/arduinobot_py_example/lib/python3.10/site-packages/arduinobot_py_example
copying /home/theo/arduinobot_ws/src/build/arduinobot_py_example/build/lib/arduinobot_py_example/__init__.py -> /home/theo/arduinobot_ws/src/install/arduinobot_py_example/lib/python3.10/site-packages/arduinobot_py_example
byte-compiling /home/theo/arduinobot_ws/src/install/arduinobot_py_example/lib/python3.10/site-packages/arduinobot_py_example/__init__.py to __init__.cpython-310.pyc
running install_data
creating /home/theo/arduinobot_ws/src/install/arduinobot_py_example/share/ament_index
creating /home/theo/arduinobot_ws/src/install/arduinobot_py_example/share/ament_index/resource_index
creating /home/theo/arduinobot_ws/src/install/arduinobot_py_example/share/ament_index/resource_index/packages
copying resource/arduinobot_py_example -> /home/theo/arduinobot_ws/src/install/arduinobot_py_example/share/ament_index/resource_index/packages
copying package.xml -> /home/theo/arduinobot_ws/src/install/arduinobot_py_example/share/arduinobot_py_example
running install_egg_info
Copying ../build/arduinobot_py_example/arduinobot_py_example.egg-info to /home/theo/arduinobot_ws/src/install/arduinobot_py_example/lib/python3.10/site-packages/arduinobot_py_example-0.0.0-py3.10.egg-info
running install_scripts
writing list of installed files to '/home/theo/arduinobot_ws/src/build/arduinobot_py_example/install.log'
