[0.550s] Invoking command in '/home/theo/arduinobot_ws/src/arduinobot_py_example': PYTHONPATH=/home/theo/arduinobot_ws/src/build/arduinobot_py_example/prefix_override:/home/theo/arduinobot_ws/src/install/arduinobot_py_example/lib/python3.10/site-packages:${PYTHONPATH} /usr/bin/python3 setup.py egg_info --egg-base ../build/arduinobot_py_example build --build-base /home/theo/arduinobot_ws/src/build/arduinobot_py_example/build install --record /home/theo/arduinobot_ws/src/build/arduinobot_py_example/install.log --single-version-externally-managed
[0.721s] running egg_info
[0.721s] creating ../build/arduinobot_py_example/arduinobot_py_example.egg-info
[0.721s] writing ../build/arduinobot_py_example/arduinobot_py_example.egg-info/PKG-INFO
[0.721s] writing dependency_links to ../build/arduinobot_py_example/arduinobot_py_example.egg-info/dependency_links.txt
[0.721s] writing entry points to ../build/arduinobot_py_example/arduinobot_py_example.egg-info/entry_points.txt
[0.722s] writing requirements to ../build/arduinobot_py_example/arduinobot_py_example.egg-info/requires.txt
[0.722s] writing top-level names to ../build/arduinobot_py_example/arduinobot_py_example.egg-info/top_level.txt
[0.722s] writing manifest file '../build/arduinobot_py_example/arduinobot_py_example.egg-info/SOURCES.txt'
[0.723s] reading manifest file '../build/arduinobot_py_example/arduinobot_py_example.egg-info/SOURCES.txt'
[0.723s] writing manifest file '../build/arduinobot_py_example/arduinobot_py_example.egg-info/SOURCES.txt'
[0.723s] running build
[0.723s] running build_py
[0.724s] creating /home/theo/arduinobot_ws/src/build/arduinobot_py_example/build
[0.724s] creating /home/theo/arduinobot_ws/src/build/arduinobot_py_example/build/lib
[0.724s] creating /home/theo/arduinobot_ws/src/build/arduinobot_py_example/build/lib/arduinobot_py_example
[0.724s] copying arduinobot_py_example/__init__.py -> /home/theo/arduinobot_ws/src/build/arduinobot_py_example/build/lib/arduinobot_py_example
[0.724s] running install
[0.724s] /usr/lib/python3/dist-packages/setuptools/command/install.py:34: SetuptoolsDeprecationWarning: setup.py install is deprecated. Use build and pip and other standards-based tools.
[0.724s]   warnings.warn(
[0.724s] running install_lib
[0.725s] creating /home/theo/arduinobot_ws/src/install/arduinobot_py_example/lib/python3.10/site-packages/arduinobot_py_example
[0.725s] copying /home/theo/arduinobot_ws/src/build/arduinobot_py_example/build/lib/arduinobot_py_example/__init__.py -> /home/theo/arduinobot_ws/src/install/arduinobot_py_example/lib/python3.10/site-packages/arduinobot_py_example
[0.725s] byte-compiling /home/theo/arduinobot_ws/src/install/arduinobot_py_example/lib/python3.10/site-packages/arduinobot_py_example/__init__.py to __init__.cpython-310.pyc
[0.725s] running install_data
[0.726s] creating /home/theo/arduinobot_ws/src/install/arduinobot_py_example/share/ament_index
[0.726s] creating /home/theo/arduinobot_ws/src/install/arduinobot_py_example/share/ament_index/resource_index
[0.726s] creating /home/theo/arduinobot_ws/src/install/arduinobot_py_example/share/ament_index/resource_index/packages
[0.726s] copying resource/arduinobot_py_example -> /home/theo/arduinobot_ws/src/install/arduinobot_py_example/share/ament_index/resource_index/packages
[0.726s] copying package.xml -> /home/theo/arduinobot_ws/src/install/arduinobot_py_example/share/arduinobot_py_example
[0.726s] running install_egg_info
[0.727s] Copying ../build/arduinobot_py_example/arduinobot_py_example.egg-info to /home/theo/arduinobot_ws/src/install/arduinobot_py_example/lib/python3.10/site-packages/arduinobot_py_example-0.0.0-py3.10.egg-info
[0.728s] running install_scripts
[0.743s] writing list of installed files to '/home/theo/arduinobot_ws/src/build/arduinobot_py_example/install.log'
[0.757s] Invoked command in '/home/theo/arduinobot_ws/src/arduinobot_py_example' returned '0': PYTHONPATH=/home/theo/arduinobot_ws/src/build/arduinobot_py_example/prefix_override:/home/theo/arduinobot_ws/src/install/arduinobot_py_example/lib/python3.10/site-packages:${PYTHONPATH} /usr/bin/python3 setup.py egg_info --egg-base ../build/arduinobot_py_example build --build-base /home/theo/arduinobot_ws/src/build/arduinobot_py_example/build install --record /home/theo/arduinobot_ws/src/build/arduinobot_py_example/install.log --single-version-externally-managed
